<?xml version="1.0" encoding="UTF-8"?>
<!-- Generated by org.testng.reporters.JUnitReportReporter -->
<testsuite skipped="0" hostname="GIFTECH-L-062" name="com.qa.test.LoginWithExcelData" tests="1" failures="0" timestamp="2023-06-26T16:52:25 IST" time="0.231" errors="0">
  <testcase name="staffLoginCredential" time="0.231" classname="com.qa.test.LoginWithExcelData"/>
  <system-out/>
</testsuite> <!-- com.qa.test.LoginWithExcelData -->
